[0m[[0m[0mdebug[0m] [0m[0m> Exec(__runWatch console0, Some(fddc8de8-c115-482f-8909-3d80a13793dc), Some(CommandSource(console0)))[0m
[0m[[0m[0mdebug[0m] [0m[0m> Exec(sbtStashOnFailure, None, Some(CommandSource(console0)))[0m
[0m[[0m[0mdebug[0m] [0m[0m> Exec(__preWatch console0, None, Some(CommandSource(console0)))[0m
[0m[[0m[0mdebug[0m] [0m[0m> Exec(run, None, Some(CommandSource(console0)))[0m
[0m[[0m[0mdebug[0m] [0m[0mEvaluating tasks: Compile / run[0m
[0m[[0m[0mdebug[0m] [0m[0mRunning task... Cancel: Signal, check cycles: false, forcegc: true[0m
[0m[[0m[0minfo[0m] [0m[0mcompiling 4 Scala sources to C:\Users\User\Programming\Scala\bikeshop\target\scala-2.13\classes ...[0m
[0m[[0m[31merror[0m] [0m[0mC:\Users\User\Programming\Scala\bikeshop\src\main\scala\bikeshop\domain\company.scala:25:2: exception during macro expansion: [0m
[0m[[0m[31merror[0m] [0m[0mjava.lang.NullPointerException[0m
[0m[[0m[31merror[0m] [0m[0m	at derevo.Derevo.isConstructionOf(Derevo.scala:92)[0m
[0m[[0m[31merror[0m] [0m[0m	at derevo.Derevo.$anonfun$instances$1(Derevo.scala:155)[0m
[0m[[0m[31merror[0m] [0m[0m	at derevo.Derevo.$anonfun$instances$1$adapted(Derevo.scala:155)[0m
[0m[[0m[31merror[0m] [0m[0m	at scala.collection.immutable.List.exists(List.scala:395)[0m
[0m[[0m[31merror[0m] [0m[0m	at derevo.Derevo.instances(Derevo.scala:155)[0m
[0m[[0m[31merror[0m] [0m[0m	at derevo.Derevo.deriveMacro(Derevo.scala:114)[0m
[0m[[0m[31merror[0m] [0m[0m@derive(queryParam, show)[0m
[0m[[0m[31merror[0m] [0m[0m ^[0m
[0m[[0m[31merror[0m] [0m[0mC:\Users\User\Programming\Scala\bikeshop\src\main\scala\bikeshop\domain\company.scala:25:9: not found: value queryParam[0m
[0m[[0m[31merror[0m] [0m[0m@derive(queryParam, show)[0m
[0m[[0m[31merror[0m] [0m[0m        ^[0m
[0m[[0m[31merror[0m] [0m[0mC:\Users\User\Programming\Scala\bikeshop\src\main\scala\bikeshop\domain\company.scala:26:2: not found: type newtype[0m
[0m[[0m[31merror[0m] [0m[0m@newtype[0m
[0m[[0m[31merror[0m] [0m[0m ^[0m
[0m[[0m[31merror[0m] [0m[0mC:\Users\User\Programming\Scala\bikeshop\src\main\scala\bikeshop\domain\company.scala:28:15: not found: type BrandName[0m
[0m[[0m[31merror[0m] [0m[0mdef toDomain: BrandName = BrandName(value.toLowerCase.capitalize)[0m
[0m[[0m[31merror[0m] [0m[0m              ^[0m
[0m[[0m[31merror[0m] [0m[0mC:\Users\User\Programming\Scala\bikeshop\src\main\scala\bikeshop\domain\company.scala:28:27: not found: value BrandName[0m
[0m[[0m[31merror[0m] [0m[0mdef toDomain: BrandName = BrandName(value.toLowerCase.capitalize)[0m
[0m[[0m[31merror[0m] [0m[0m                          ^[0m
[0m[[0m[31merror[0m] [0m[0mC:\Users\User\Programming\Scala\bikeshop\src\main\scala\bikeshop\domain\company.scala:28:43: value toLowerCase is not a member of eu.timepit.refined.types.string.NonEmptyString[0m
[0m[[0m[31merror[0m] [0m[0mdef toDomain: BrandName = BrandName(value.toLowerCase.capitalize)[0m
[0m[[0m[31merror[0m] [0m[0m                                          ^[0m
[0m[[0m[31merror[0m] [0m[0mC:\Users\User\Programming\Scala\bikeshop\src\main\scala\bikeshop\http\routes\BikeRoutes.scala:16:67: not found: type CompanyParam[0m
[0m[[0m[31merror[0m] [0m[0mobject CompanyQueryParam extends OptionalQueryParamDecoderMatcher[CompanyParam]("company")[0m
[0m[[0m[31merror[0m] [0m[0m                                                                  ^[0m
[0m[[0m[31merror[0m] [0m[0m7 errors found[0m
[0m[[0m[31merror[0m] [0m[0m(Compile / [31mcompileIncremental[0m) Compilation failed[0m
[0m[[0m[31merror[0m] [0m[0mTotal time: 1 s, completed 6 Oct 2022, 22:15:04[0m
[0m[[0m[0mdebug[0m] [0m[0m> Exec(resumeFromFailure, None, Some(CommandSource(console0)))[0m
[0m[[0m[0mdebug[0m] [0m[0m> Exec(sbtPopOnFailure, None, Some(CommandSource(console0)))[0m
[0m[[0m[0mdebug[0m] [0m[0m> Exec(__postWatch console0, None, Some(CommandSource(console0)))[0m
[0m[[0m[0mdebug[0m] [0m[0m> Exec(resumeFromFailure, None, None)[0m
[0m[[0m[0mdebug[0m] [0m[0m> Exec(__waitWatch console0, None, None)[0m
