[0m[[0m[0mdebug[0m] [0m[0m> Exec(__runWatch console0, Some(b44e9d71-2acc-4494-9734-fa6f6b84f3e7), Some(CommandSource(console0)))[0m
[0m[[0m[0mdebug[0m] [0m[0m> Exec(sbtStashOnFailure, None, Some(CommandSource(console0)))[0m
[0m[[0m[0mdebug[0m] [0m[0m> Exec(__preWatch console0, None, Some(CommandSource(console0)))[0m
[0m[[0m[0mdebug[0m] [0m[0m> Exec(run, None, Some(CommandSource(console0)))[0m
[0m[[0m[0mdebug[0m] [0m[0mEvaluating tasks: Compile / run[0m
[0m[[0m[0mdebug[0m] [0m[0mRunning task... Cancel: Signal, check cycles: false, forcegc: true[0m
[0m[[0m[0minfo[0m] [0m[0mcompiling 28 Scala sources to C:\Users\User\Programming\Scala\bikeshop\target\scala-2.13\classes ...[0m
[0m[[0m[31merror[0m] [0m[0mC:\Users\User\Programming\Scala\bikeshop\src\main\scala\bikeshop\domain\company.scala:26:2: magnolia: could not find Decoder.Typeclass for type eu.timepit.refined.types.string.NonEmptyString[0m
[0m[[0m[31merror[0m] [0m[0m    in parameter 'value' of product type bikeshop.domain.company.CompanyName[0m
[0m[[0m[31merror[0m] [0m[0m@derive(decoder, encoder, eqv, show)[0m
[0m[[0m[31merror[0m] [0m[0m ^[0m
[0m[[0m[31merror[0m] [0m[0mC:\Users\User\Programming\Scala\bikeshop\src\main\scala\bikeshop\domain\company.scala:33:2: Only newtypes instances can be derived[0m
[0m[[0m[31merror[0m] [0m[0m@derive(queryParam, show)[0m
[0m[[0m[31merror[0m] [0m[0m ^[0m
[0m[[0m[31merror[0m] [0m[0mtwo errors found[0m
[0m[[0m[31merror[0m] [0m[0m(Compile / [31mcompileIncremental[0m) Compilation failed[0m
[0m[[0m[31merror[0m] [0m[0mTotal time: 3 s, completed 13 Nov 2022, 20:11:31[0m
[0m[[0m[0mdebug[0m] [0m[0m> Exec(resumeFromFailure, None, Some(CommandSource(console0)))[0m
[0m[[0m[0mdebug[0m] [0m[0m> Exec(sbtPopOnFailure, None, Some(CommandSource(console0)))[0m
[0m[[0m[0mdebug[0m] [0m[0m> Exec(__postWatch console0, None, Some(CommandSource(console0)))[0m
[0m[[0m[0mdebug[0m] [0m[0m> Exec(resumeFromFailure, None, None)[0m
[0m[[0m[0mdebug[0m] [0m[0m> Exec(__waitWatch console0, None, None)[0m
